[0.066s] Invoking command in '/home/amal/ros2_ws/build/my_cpp_pkg': CMAKE_PREFIX_PATH=${CMAKE_PREFIX_PATH}:/home/amal/ros2_ws/install/my_py_pkg:/opt/ros/humble /usr/bin/cmake --build /home/amal/ros2_ws/build/my_cpp_pkg -- -j16 -l16
[0.103s] [35m[1mConsolidate compiler generated dependencies of target cpp_node[0m
[0.119s] [ 50%] [32mBuilding CXX object CMakeFiles/cpp_node.dir/src/my_first_node.cpp.o[0m
[0.290s] [01m[K/home/amal/ros2_ws/src/my_cpp_pkg/src/my_first_node.cpp:6:20:[m[K [01;35m[Kwarning: [m[Kcharacter constant too long for its type
[0.290s]     6 |     MyNode(): Node([01;35m[K'cpp_test'[m[K)
[0.290s]       |                    [01;35m[K^~~~~~~~~~[m[K
[2.278s] [01m[K/home/amal/ros2_ws/src/my_cpp_pkg/src/my_first_node.cpp:[m[K In constructor â€˜[01m[KMyNode::MyNode()[m[Kâ€™:
[2.278s] [01m[K/home/amal/ros2_ws/src/my_cpp_pkg/src/my_first_node.cpp:6:30:[m[K [01;31m[Kerror: [m[Kno matching function for call to â€˜[01m[Krclcpp::Node::Node(int)[m[Kâ€™
[2.278s]     6 |     MyNode(): Node('cpp_test'[01;31m[K)[m[K
[2.278s]       |                              [01;31m[K^[m[K
[2.278s] In file included from [01m[K/opt/ros/humble/include/rclcpp/rclcpp/executors/single_threaded_executor.hpp:28[m[K,
[2.278s]                  from [01m[K/opt/ros/humble/include/rclcpp/rclcpp/executors.hpp:22[m[K,
[2.278s]                  from [01m[K/opt/ros/humble/include/rclcpp/rclcpp/rclcpp.hpp:155[m[K,
[2.278s]                  from [01m[K/home/amal/ros2_ws/src/my_cpp_pkg/src/my_first_node.cpp:1[m[K:
[2.278s] [01m[K/opt/ros/humble/include/rclcpp/rclcpp/node.hpp:1294:3:[m[K [01;36m[Knote: [m[Kcandidate: â€˜[01m[Krclcpp::Node::Node(const rclcpp::Node&, const string&)[m[Kâ€™
[2.278s]  1294 |   [01;36m[KNode[m[K(
[2.278s]       |   [01;36m[K^~~~[m[K
[2.280s] [01m[K/opt/ros/humble/include/rclcpp/rclcpp/node.hpp:1294:3:[m[K [01;36m[Knote: [m[K  candidate expects 2 arguments, 1 provided
[2.280s] [01m[K/opt/ros/humble/include/rclcpp/rclcpp/node.hpp:101:12:[m[K [01;36m[Knote: [m[Kcandidate: â€˜[01m[Krclcpp::Node::Node(const string&, const string&, const rclcpp::NodeOptions&)[m[Kâ€™
[2.280s]   101 |   explicit [01;36m[KNode[m[K(
[2.280s]       |            [01;36m[K^~~~[m[K
[2.280s] [01m[K/opt/ros/humble/include/rclcpp/rclcpp/node.hpp:101:12:[m[K [01;36m[Knote: [m[K  candidate expects 3 arguments, 1 provided
[2.280s] [01m[K/opt/ros/humble/include/rclcpp/rclcpp/node.hpp:89:12:[m[K [01;36m[Knote: [m[Kcandidate: â€˜[01m[Krclcpp::Node::Node(const string&, const rclcpp::NodeOptions&)[m[Kâ€™
[2.280s]    89 |   explicit [01;36m[KNode[m[K(
[2.280s]       |            [01;36m[K^~~~[m[K
[2.280s] [01m[K/opt/ros/humble/include/rclcpp/rclcpp/node.hpp:90:25:[m[K [01;36m[Knote: [m[K  no known conversion for argument 1 from â€˜[01m[Kint[m[Kâ€™ to â€˜[01m[Kconst string&[m[Kâ€™ {aka â€˜[01m[Kconst std::__cxx11::basic_string<char>&[m[Kâ€™}
[2.280s]    90 |     [01;36m[Kconst std::string & node_name[m[K,
[2.281s]       |     [01;36m[K~~~~~~~~~~~~~~~~~~~~^~~~~~~~~[m[K
[2.688s] gmake[2]: *** [CMakeFiles/cpp_node.dir/build.make:76: CMakeFiles/cpp_node.dir/src/my_first_node.cpp.o] Error 1
[2.688s] gmake[1]: *** [CMakeFiles/Makefile2:137: CMakeFiles/cpp_node.dir/all] Error 2
[2.689s] gmake: *** [Makefile:146: all] Error 2
[2.692s] Invoked command in '/home/amal/ros2_ws/build/my_cpp_pkg' returned '2': CMAKE_PREFIX_PATH=${CMAKE_PREFIX_PATH}:/home/amal/ros2_ws/install/my_py_pkg:/opt/ros/humble /usr/bin/cmake --build /home/amal/ros2_ws/build/my_cpp_pkg -- -j16 -l16
