[0.066s] Invoking command in '/home/amal/ros2_ws/build/my_cpp_pkg': CMAKE_PREFIX_PATH=${CMAKE_PREFIX_PATH}:/home/amal/ros2_ws/install/my_py_pkg:/opt/ros/humble /usr/bin/cmake --build /home/amal/ros2_ws/build/my_cpp_pkg -- -j16 -l16
[0.088s] -- Found ament_cmake: 1.3.5 (/opt/ros/humble/share/ament_cmake/cmake)
[0.234s] -- Found rclcpp: 16.0.6 (/opt/ros/humble/share/rclcpp/cmake)
[0.263s] -- Found rosidl_generator_c: 3.1.5 (/opt/ros/humble/share/rosidl_generator_c/cmake)
[0.266s] -- Found rosidl_adapter: 3.1.5 (/opt/ros/humble/share/rosidl_adapter/cmake)
[0.272s] -- Found rosidl_generator_cpp: 3.1.5 (/opt/ros/humble/share/rosidl_generator_cpp/cmake)
[0.283s] -- Using all available rosidl_typesupport_c: rosidl_typesupport_fastrtps_c;rosidl_typesupport_introspection_c
[0.298s] -- Using all available rosidl_typesupport_cpp: rosidl_typesupport_fastrtps_cpp;rosidl_typesupport_introspection_cpp
[0.358s] -- Found rmw_implementation_cmake: 6.1.1 (/opt/ros/humble/share/rmw_implementation_cmake/cmake)
[0.359s] -- Found rmw_fastrtps_cpp: 6.2.4 (/opt/ros/humble/share/rmw_fastrtps_cpp/cmake)
[0.473s] -- Using RMW implementation 'rmw_fastrtps_cpp' as default
[0.701s] -- Configuring done
[0.705s] -- Generating done
[0.706s] -- Build files have been written to: /home/amal/ros2_ws/build/my_cpp_pkg
[0.729s] [35m[1mConsolidate compiler generated dependencies of target cpp_node[0m
[0.745s] [ 50%] [32mBuilding CXX object CMakeFiles/cpp_node.dir/src/my_first_node.cpp.o[0m
[0.752s] [01m[K/home/amal/ros2_ws/src/my_cpp_pkg/src/my_first_node.cpp:1:10:[m[K [01;31m[Kfatal error: [m[Krclcpp/rclcpp.hpp: No such file or directory
[0.752s]     1 | #include [01;31m[K"rclcpp/rclcpp.hpp"[m[K
[0.753s]       |          [01;31m[K^~~~~~~~~~~~~~~~~~~[m[K
[0.753s] compilation terminated.
[0.753s] gmake[2]: *** [CMakeFiles/cpp_node.dir/build.make:76: CMakeFiles/cpp_node.dir/src/my_first_node.cpp.o] Error 1
[0.753s] gmake[1]: *** [CMakeFiles/Makefile2:137: CMakeFiles/cpp_node.dir/all] Error 2
[0.754s] gmake: *** [Makefile:146: all] Error 2
[0.756s] Invoked command in '/home/amal/ros2_ws/build/my_cpp_pkg' returned '2': CMAKE_PREFIX_PATH=${CMAKE_PREFIX_PATH}:/home/amal/ros2_ws/install/my_py_pkg:/opt/ros/humble /usr/bin/cmake --build /home/amal/ros2_ws/build/my_cpp_pkg -- -j16 -l16
